<?xml version="1.0" encoding="UTF-8"?>
<robot generator="Robot 7.1.1 (Python 3.12.6 on win32)" generated="2024-10-26T20:17:49.256800" rpa="false" schemaversion="5">
<suite id="s1" name="Login Steps" source="c:\Users\USER\Documents\Development\lume\aula\projeto-robot\test\login_steps.robot">
<kw name="Open Browser" owner="SeleniumLibrary" type="SETUP">
<msg time="2024-10-26T20:17:51.767867" level="INFO">Opening browser 'chrome' to base url 'None'.</msg>
<arg>browser=chrome</arg>
<doc>Opens a new browser instance to the optional ``url``.</doc>
<status status="PASS" start="2024-10-26T20:17:51.749691" elapsed="17.654383"/>
</kw>
<test id="s1-t1" name="Successful Login" line="14">
<kw name="I navegate to the login page" owner="login_keywords">
<kw name="Go To" owner="SeleniumLibrary">
<msg time="2024-10-26T20:18:09.404074" level="INFO">Opening url 'https://www.saucedemo.com'</msg>
<arg>${URL}</arg>
<doc>Navigates the current browser window to the provided ``url``.</doc>
<status status="PASS" start="2024-10-26T20:18:09.404074" elapsed="1.914552"/>
</kw>
<arg>${URL}</arg>
<status status="PASS" start="2024-10-26T20:18:09.404074" elapsed="1.914552"/>
</kw>
<kw name="I input correct credentials" owner="login_keywords">
<kw name="Wait Until Element Is Visible" owner="SeleniumLibrary">
<arg>id=user-name</arg>
<doc>Waits until the element ``locator`` is visible.</doc>
<status status="PASS" start="2024-10-26T20:18:11.318626" elapsed="0.819912"/>
</kw>
<kw name="Input Text" owner="SeleniumLibrary">
<msg time="2024-10-26T20:18:12.138538" level="INFO">Typing text 'standard_user' into text field 'id=user-name'.</msg>
<arg>id=user-name</arg>
<arg>${USERNAME}</arg>
<doc>Types the given ``text`` into the text field identified by ``locator``.</doc>
<status status="PASS" start="2024-10-26T20:18:12.138538" elapsed="0.716762"/>
</kw>
<kw name="Input Text" owner="SeleniumLibrary">
<msg time="2024-10-26T20:18:12.856302" level="INFO">Typing text 'secret_sauce' into text field 'id=password'.</msg>
<arg>id=password</arg>
<arg>${PASSWORD}</arg>
<doc>Types the given ``text`` into the text field identified by ``locator``.</doc>
<status status="PASS" start="2024-10-26T20:18:12.856302" elapsed="0.188531"/>
</kw>
<arg>${USERNAME}</arg>
<arg>${PASSWORD}</arg>
<status status="PASS" start="2024-10-26T20:18:11.318626" elapsed="1.726207"/>
</kw>
<kw name="I click no the login button" owner="login_keywords">
<kw name="Click Button" owner="SeleniumLibrary">
<msg time="2024-10-26T20:18:13.060510" level="INFO">Clicking button 'id=login-button'.</msg>
<arg>id=login-button</arg>
<doc>Clicks the button identified by ``locator``.</doc>
<status status="PASS" start="2024-10-26T20:18:13.060510" elapsed="0.709226"/>
</kw>
<status status="PASS" start="2024-10-26T20:18:13.060510" elapsed="0.709226"/>
</kw>
<kw name="I able view the home page" owner="login_keywords">
<kw name="Get Location" owner="SeleniumLibrary">
<msg time="2024-10-26T20:18:13.792737" level="INFO">${Location} = https://www.saucedemo.com/inventory.html</msg>
<var>${Location}</var>
<doc>Returns the current browser window URL.</doc>
<status status="PASS" start="2024-10-26T20:18:13.784159" elapsed="0.008578"/>
</kw>
<kw name="Should Be Equal" owner="BuiltIn">
<arg>${Location}</arg>
<arg>https://www.saucedemo.com/inventory.html</arg>
<doc>Fails if the given objects are unequal.</doc>
<status status="PASS" start="2024-10-26T20:18:13.792737" elapsed="0.000000"/>
</kw>
<status status="PASS" start="2024-10-26T20:18:13.784159" elapsed="0.008578"/>
</kw>
<status status="PASS" start="2024-10-26T20:18:09.404074" elapsed="4.388663"/>
</test>
<test id="s1-t2" name="Unsuccessful Login - No credentials" line="20">
<kw name="I navegate to the login page" owner="login_keywords">
<kw name="Go To" owner="SeleniumLibrary">
<msg time="2024-10-26T20:18:13.816074" level="INFO">Opening url 'https://www.saucedemo.com'</msg>
<arg>${URL}</arg>
<doc>Navigates the current browser window to the provided ``url``.</doc>
<status status="PASS" start="2024-10-26T20:18:13.808376" elapsed="0.134989"/>
</kw>
<arg>${URL}</arg>
<status status="PASS" start="2024-10-26T20:18:13.808376" elapsed="0.134989"/>
</kw>
<kw name="I input no credentials" owner="login_keywords">
<kw name="Wait Until Element Is Visible" owner="SeleniumLibrary">
<arg>id=user-name</arg>
<doc>Waits until the element ``locator`` is visible.</doc>
<status status="PASS" start="2024-10-26T20:18:13.946537" elapsed="0.027968"/>
</kw>
<status status="PASS" start="2024-10-26T20:18:13.946537" elapsed="0.028968"/>
</kw>
<kw name="I click no the login button" owner="login_keywords">
<kw name="Click Button" owner="SeleniumLibrary">
<msg time="2024-10-26T20:18:13.977505" level="INFO">Clicking button 'id=login-button'.</msg>
<arg>id=login-button</arg>
<doc>Clicks the button identified by ``locator``.</doc>
<status status="PASS" start="2024-10-26T20:18:13.976510" elapsed="0.192108"/>
</kw>
<status status="PASS" start="2024-10-26T20:18:13.975505" elapsed="0.196436"/>
</kw>
<kw name="I am able to see expected error message" owner="login_keywords">
<kw name="Wait Until Element Contains" owner="SeleniumLibrary">
<arg>class=error-message-container</arg>
<arg>${ERROR_MESSAGE}</arg>
<doc>Waits until the element ``locator`` contains ``text``.</doc>
<status status="PASS" start="2024-10-26T20:18:14.179942" elapsed="0.250224"/>
</kw>
<arg>Epic sadface: Username is required</arg>
<status status="PASS" start="2024-10-26T20:18:14.176943" elapsed="0.253223"/>
</kw>
<status status="PASS" start="2024-10-26T20:18:13.808376" elapsed="0.621790"/>
</test>
<test id="s1-t3" name="Unsuccessful Login - No username" line="26">
<kw name="I navegate to the login page" owner="login_keywords">
<kw name="Go To" owner="SeleniumLibrary">
<msg time="2024-10-26T20:18:14.430166" level="INFO">Opening url 'https://www.saucedemo.com'</msg>
<arg>${URL}</arg>
<doc>Navigates the current browser window to the provided ``url``.</doc>
<status status="PASS" start="2024-10-26T20:18:14.430166" elapsed="0.061144"/>
</kw>
<arg>${URL}</arg>
<status status="PASS" start="2024-10-26T20:18:14.430166" elapsed="0.061144"/>
</kw>
<kw name="I input only the password" owner="login_keywords">
<kw name="Wait Until Element Is Visible" owner="SeleniumLibrary">
<arg>id=user-name</arg>
<doc>Waits until the element ``locator`` is visible.</doc>
<status status="PASS" start="2024-10-26T20:18:14.493231" elapsed="0.022401"/>
</kw>
<kw name="Input Text" owner="SeleniumLibrary">
<msg time="2024-10-26T20:18:14.518728" level="INFO">Typing text 'secret_sauce' into text field 'id=password'.</msg>
<arg>id=password</arg>
<arg>${PASSWORD}</arg>
<doc>Types the given ``text`` into the text field identified by ``locator``.</doc>
<status status="PASS" start="2024-10-26T20:18:14.517139" elapsed="0.107949"/>
</kw>
<arg>${PASSWORD}</arg>
<status status="PASS" start="2024-10-26T20:18:14.492308" elapsed="0.132780"/>
</kw>
<kw name="I click no the login button" owner="login_keywords">
<kw name="Click Button" owner="SeleniumLibrary">
<msg time="2024-10-26T20:18:14.625088" level="INFO">Clicking button 'id=login-button'.</msg>
<arg>id=login-button</arg>
<doc>Clicks the button identified by ``locator``.</doc>
<status status="PASS" start="2024-10-26T20:18:14.625088" elapsed="0.053907"/>
</kw>
<status status="PASS" start="2024-10-26T20:18:14.625088" elapsed="0.053907"/>
</kw>
<kw name="I am able to see expected error message" owner="login_keywords">
<kw name="Wait Until Element Contains" owner="SeleniumLibrary">
<arg>class=error-message-container</arg>
<arg>${ERROR_MESSAGE}</arg>
<doc>Waits until the element ``locator`` contains ``text``.</doc>
<status status="PASS" start="2024-10-26T20:18:14.678995" elapsed="0.025538"/>
</kw>
<arg>Epic sadface: Username is required</arg>
<status status="PASS" start="2024-10-26T20:18:14.678995" elapsed="0.025538"/>
</kw>
<status status="PASS" start="2024-10-26T20:18:14.430166" elapsed="0.275368"/>
</test>
<test id="s1-t4" name="Unsuccessful Login - No password" line="32">
<kw name="I navegate to the login page" owner="login_keywords">
<kw name="Go To" owner="SeleniumLibrary">
<msg time="2024-10-26T20:18:14.709533" level="INFO">Opening url 'https://www.saucedemo.com'</msg>
<arg>${URL}</arg>
<doc>Navigates the current browser window to the provided ``url``.</doc>
<status status="PASS" start="2024-10-26T20:18:14.709533" elapsed="0.050289"/>
</kw>
<arg>${URL}</arg>
<status status="PASS" start="2024-10-26T20:18:14.708533" elapsed="0.051289"/>
</kw>
<kw name="I input only the username" owner="login_keywords">
<kw name="Wait Until Element Is Visible" owner="SeleniumLibrary">
<arg>id=user-name</arg>
<doc>Waits until the element ``locator`` is visible.</doc>
<status status="PASS" start="2024-10-26T20:18:14.759822" elapsed="0.030926"/>
</kw>
<kw name="Input Text" owner="SeleniumLibrary">
<msg time="2024-10-26T20:18:14.791747" level="INFO">Typing text 'standard_user' into text field 'id=user-name'.</msg>
<arg>id=user-name</arg>
<arg>${USERNAME}</arg>
<doc>Types the given ``text`` into the text field identified by ``locator``.</doc>
<status status="PASS" start="2024-10-26T20:18:14.790748" elapsed="0.097865"/>
</kw>
<arg>${USERNAME}</arg>
<status status="PASS" start="2024-10-26T20:18:14.759822" elapsed="0.128791"/>
</kw>
<kw name="I click no the login button" owner="login_keywords">
<kw name="Click Button" owner="SeleniumLibrary">
<msg time="2024-10-26T20:18:14.888613" level="INFO">Clicking button 'id=login-button'.</msg>
<arg>id=login-button</arg>
<doc>Clicks the button identified by ``locator``.</doc>
<status status="PASS" start="2024-10-26T20:18:14.888613" elapsed="0.054405"/>
</kw>
<status status="PASS" start="2024-10-26T20:18:14.888613" elapsed="0.054405"/>
</kw>
<kw name="I am able to see expected error message" owner="login_keywords">
<kw name="Wait Until Element Contains" owner="SeleniumLibrary">
<arg>class=error-message-container</arg>
<arg>${ERROR_MESSAGE}</arg>
<doc>Waits until the element ``locator`` contains ``text``.</doc>
<status status="PASS" start="2024-10-26T20:18:14.944019" elapsed="0.018998"/>
</kw>
<arg>Epic sadface: Password is required</arg>
<status status="PASS" start="2024-10-26T20:18:14.944019" elapsed="0.018998"/>
</kw>
<status status="PASS" start="2024-10-26T20:18:14.707551" elapsed="0.256468"/>
</test>
<test id="s1-t5" name="Unsuccessful Login - Wrong credentials" line="38">
<kw name="I navegate to the login page" owner="login_keywords">
<kw name="Go To" owner="SeleniumLibrary">
<msg time="2024-10-26T20:18:14.969032" level="INFO">Opening url 'https://www.saucedemo.com'</msg>
<arg>${URL}</arg>
<doc>Navigates the current browser window to the provided ``url``.</doc>
<status status="PASS" start="2024-10-26T20:18:14.968037" elapsed="0.124297"/>
</kw>
<arg>${URL}</arg>
<status status="PASS" start="2024-10-26T20:18:14.966017" elapsed="0.126317"/>
</kw>
<kw name="I input wrong credentials" owner="login_keywords">
<kw name="Wait Until Element Is Visible" owner="SeleniumLibrary">
<arg>id=user-name</arg>
<doc>Waits until the element ``locator`` is visible.</doc>
<status status="PASS" start="2024-10-26T20:18:15.093334" elapsed="0.053509"/>
</kw>
<kw name="Input Text" owner="SeleniumLibrary">
<msg time="2024-10-26T20:18:15.146843" level="INFO">Typing text 'ssssss' into text field 'id=user-name'.</msg>
<arg>id=user-name</arg>
<arg>${WRONG_USERNAME}</arg>
<doc>Types the given ``text`` into the text field identified by ``locator``.</doc>
<status status="PASS" start="2024-10-26T20:18:15.146843" elapsed="0.088048"/>
</kw>
<kw name="Input Text" owner="SeleniumLibrary">
<msg time="2024-10-26T20:18:15.234891" level="INFO">Typing text 'ssssss' into text field 'id=password'.</msg>
<arg>id=password</arg>
<arg>${WRONG_PASSWORD}</arg>
<doc>Types the given ``text`` into the text field identified by ``locator``.</doc>
<status status="PASS" start="2024-10-26T20:18:15.234891" elapsed="0.077454"/>
</kw>
<arg>ssssss</arg>
<arg>ssssss</arg>
<status status="PASS" start="2024-10-26T20:18:15.093334" elapsed="0.219011"/>
</kw>
<kw name="I click no the login button" owner="login_keywords">
<kw name="Click Button" owner="SeleniumLibrary">
<msg time="2024-10-26T20:18:15.312345" level="INFO">Clicking button 'id=login-button'.</msg>
<arg>id=login-button</arg>
<doc>Clicks the button identified by ``locator``.</doc>
<status status="PASS" start="2024-10-26T20:18:15.312345" elapsed="0.060944"/>
</kw>
<status status="PASS" start="2024-10-26T20:18:15.312345" elapsed="0.061945"/>
</kw>
<kw name="I am able to see expected error message" owner="login_keywords">
<kw name="Wait Until Element Contains" owner="SeleniumLibrary">
<arg>class=error-message-container</arg>
<arg>${ERROR_MESSAGE}</arg>
<doc>Waits until the element ``locator`` contains ``text``.</doc>
<status status="PASS" start="2024-10-26T20:18:15.375291" elapsed="0.018996"/>
</kw>
<arg>Epic sadface: Username and password do not match any user in this service</arg>
<status status="PASS" start="2024-10-26T20:18:15.374290" elapsed="0.019997"/>
</kw>
<status status="PASS" start="2024-10-26T20:18:14.965019" elapsed="0.430268"/>
</test>
<status status="PASS" start="2024-10-26T20:17:49.559580" elapsed="25.837708"/>
</suite>
<statistics>
<total>
<stat pass="5" fail="0" skip="0">All Tests</stat>
</total>
<tag>
</tag>
<suite>
<stat pass="5" fail="0" skip="0" id="s1" name="Login Steps">Login Steps</stat>
</suite>
</statistics>
<errors>
</errors>
</robot>
