<?xml version="1.0" encoding="UTF-8"?>
<robot generator="Robot 7.1.1 (Python 3.12.6 on win32)" generated="2024-10-27T15:43:52.069425" rpa="false" schemaversion="5">
<suite id="s1" name="Login Steps" source="c:\Users\USER\Documents\Development\lume\aula\projeto-robot\test\login_steps.robot">
<kw name="Open Browser" owner="SeleniumLibrary" type="SETUP">
<msg time="2024-10-27T15:43:52.371068" level="INFO">Opening browser 'chrome' to base url 'None'.</msg>
<arg>browser=chrome</arg>
<doc>Opens a new browser instance to the optional ``url``.</doc>
<status status="PASS" start="2024-10-27T15:43:52.371068" elapsed="1.945648"/>
</kw>
<test id="s1-t1" name="Successful Login" line="8">
<kw name="I navegate to the login page" owner="login_keywords">
<kw name="Go To" owner="SeleniumLibrary">
<msg time="2024-10-27T15:43:54.320197" level="INFO">Opening url 'https://www.saucedemo.com'</msg>
<arg>${URL_DATA["baseUrl"]}</arg>
<doc>Navigates the current browser window to the provided ``url``.</doc>
<status status="PASS" start="2024-10-27T15:43:54.320197" elapsed="4.136832"/>
</kw>
<status status="PASS" start="2024-10-27T15:43:54.320197" elapsed="4.136832"/>
</kw>
<kw name="I input correct credentials" owner="login_keywords">
<kw name="Wait Until Element Is Visible" owner="SeleniumLibrary">
<arg>id=user-name</arg>
<doc>Waits until the element ``locator`` is visible.</doc>
<status status="PASS" start="2024-10-27T15:43:58.458176" elapsed="0.032359"/>
</kw>
<kw name="Input Text" owner="SeleniumLibrary">
<msg time="2024-10-27T15:43:58.490535" level="INFO">Typing text 'standard_user' into text field 'id=user-name'.</msg>
<arg>id=user-name</arg>
<arg>${LOGIN_DATA["correctData"]["username"]}</arg>
<doc>Types the given ``text`` into the text field identified by ``locator``.</doc>
<status status="PASS" start="2024-10-27T15:43:58.490535" elapsed="0.134410"/>
</kw>
<kw name="Input Text" owner="SeleniumLibrary">
<msg time="2024-10-27T15:43:58.624945" level="INFO">Typing text 'secret_sauce' into text field 'id=password'.</msg>
<arg>id=password</arg>
<arg>${LOGIN_DATA["correctData"]["password"]}</arg>
<doc>Types the given ``text`` into the text field identified by ``locator``.</doc>
<status status="PASS" start="2024-10-27T15:43:58.624945" elapsed="0.112286"/>
</kw>
<status status="PASS" start="2024-10-27T15:43:58.458176" elapsed="0.279055"/>
</kw>
<kw name="I click no the login button" owner="login_keywords">
<kw name="Click Button" owner="SeleniumLibrary">
<msg time="2024-10-27T15:43:58.737231" level="INFO">Clicking button 'id=login-button'.</msg>
<arg>id=login-button</arg>
<doc>Clicks the button identified by ``locator``.</doc>
<status status="PASS" start="2024-10-27T15:43:58.737231" elapsed="0.108960"/>
</kw>
<status status="PASS" start="2024-10-27T15:43:58.737231" elapsed="0.108960"/>
</kw>
<kw name="I able view the home page" owner="login_keywords">
<kw name="Get Location" owner="SeleniumLibrary">
<msg time="2024-10-27T15:43:58.860979" level="INFO">${Location} = https://www.saucedemo.com/inventory.html</msg>
<var>${Location}</var>
<doc>Returns the current browser window URL.</doc>
<status status="PASS" start="2024-10-27T15:43:58.847465" elapsed="0.013514"/>
</kw>
<kw name="Catenate" owner="BuiltIn">
<msg time="2024-10-27T15:43:58.862978" level="INFO">${full_url} = https://www.saucedemo.com/inventory.html</msg>
<var>${full_url}</var>
<arg>SEPARATOR=</arg>
<arg>${URL_DATA["baseUrl"]}</arg>
<arg>${URL_DATA["inventoryUrl"]}</arg>
<doc>Catenates the given items together and returns the resulted string.</doc>
<status status="PASS" start="2024-10-27T15:43:58.860979" elapsed="0.003004"/>
</kw>
<kw name="Should Be Equal" owner="BuiltIn">
<arg>${Location}</arg>
<arg>${full_url}</arg>
<doc>Fails if the given objects are unequal.</doc>
<status status="PASS" start="2024-10-27T15:43:58.863983" elapsed="0.000998"/>
</kw>
<status status="PASS" start="2024-10-27T15:43:58.847465" elapsed="0.017516"/>
</kw>
<status status="PASS" start="2024-10-27T15:43:54.317715" elapsed="4.549263"/>
</test>
<test id="s1-t2" name="Unsuccessful Login - No credentials" line="14">
<kw name="I navegate to the login page" owner="login_keywords">
<kw name="Go To" owner="SeleniumLibrary">
<msg time="2024-10-27T15:43:58.900750" level="INFO">Opening url 'https://www.saucedemo.com'</msg>
<arg>${URL_DATA["baseUrl"]}</arg>
<doc>Navigates the current browser window to the provided ``url``.</doc>
<status status="PASS" start="2024-10-27T15:43:58.898284" elapsed="0.312243"/>
</kw>
<status status="PASS" start="2024-10-27T15:43:58.897555" elapsed="0.312972"/>
</kw>
<kw name="I input no credentials" owner="login_keywords">
<kw name="Wait Until Element Is Visible" owner="SeleniumLibrary">
<arg>id=user-name</arg>
<doc>Waits until the element ``locator`` is visible.</doc>
<status status="PASS" start="2024-10-27T15:43:59.210527" elapsed="0.033801"/>
</kw>
<status status="PASS" start="2024-10-27T15:43:59.210527" elapsed="0.033801"/>
</kw>
<kw name="I click no the login button" owner="login_keywords">
<kw name="Click Button" owner="SeleniumLibrary">
<msg time="2024-10-27T15:43:59.244328" level="INFO">Clicking button 'id=login-button'.</msg>
<arg>id=login-button</arg>
<doc>Clicks the button identified by ``locator``.</doc>
<status status="PASS" start="2024-10-27T15:43:59.244328" elapsed="0.068742"/>
</kw>
<status status="PASS" start="2024-10-27T15:43:59.244328" elapsed="0.068742"/>
</kw>
<kw name="I am able to see expected error message for no credentials" owner="login_keywords">
<kw name="Wait Until Element Contains" owner="SeleniumLibrary">
<arg>class=error-message-container</arg>
<arg>${ERROR_MESSAGE["noCredentials"]}</arg>
<doc>Waits until the element ``locator`` contains ``text``.</doc>
<status status="PASS" start="2024-10-27T15:43:59.313070" elapsed="0.040836"/>
</kw>
<status status="PASS" start="2024-10-27T15:43:59.313070" elapsed="0.040836"/>
</kw>
<status status="PASS" start="2024-10-27T15:43:58.890979" elapsed="0.462927"/>
</test>
<test id="s1-t3" name="Unsuccessful Login - No username" line="20">
<kw name="I navegate to the login page" owner="login_keywords">
<kw name="Go To" owner="SeleniumLibrary">
<msg time="2024-10-27T15:43:59.353906" level="INFO">Opening url 'https://www.saucedemo.com'</msg>
<arg>${URL_DATA["baseUrl"]}</arg>
<doc>Navigates the current browser window to the provided ``url``.</doc>
<status status="PASS" start="2024-10-27T15:43:59.353906" elapsed="0.131324"/>
</kw>
<status status="PASS" start="2024-10-27T15:43:59.353906" elapsed="0.132327"/>
</kw>
<kw name="I input only the password" owner="login_keywords">
<kw name="Wait Until Element Is Visible" owner="SeleniumLibrary">
<arg>id=user-name</arg>
<doc>Waits until the element ``locator`` is visible.</doc>
<status status="PASS" start="2024-10-27T15:43:59.487236" elapsed="0.023093"/>
</kw>
<kw name="Input Text" owner="SeleniumLibrary">
<msg time="2024-10-27T15:43:59.519484" level="INFO">Typing text 'secret_sauce' into text field 'id=password'.</msg>
<arg>id=password</arg>
<arg>${LOGIN_DATA["correctData"]["password"]}</arg>
<doc>Types the given ``text`` into the text field identified by ``locator``.</doc>
<status status="PASS" start="2024-10-27T15:43:59.518463" elapsed="0.109545"/>
</kw>
<status status="PASS" start="2024-10-27T15:43:59.487236" elapsed="0.140772"/>
</kw>
<kw name="I click no the login button" owner="login_keywords">
<kw name="Click Button" owner="SeleniumLibrary">
<msg time="2024-10-27T15:43:59.630479" level="INFO">Clicking button 'id=login-button'.</msg>
<arg>id=login-button</arg>
<doc>Clicks the button identified by ``locator``.</doc>
<status status="PASS" start="2024-10-27T15:43:59.629954" elapsed="0.056826"/>
</kw>
<status status="PASS" start="2024-10-27T15:43:59.629010" elapsed="0.057770"/>
</kw>
<kw name="I am able to see expected error message for no username" owner="login_keywords">
<kw name="Wait Until Element Contains" owner="SeleniumLibrary">
<arg>class=error-message-container</arg>
<arg>${ERROR_MESSAGE["noUsername"]}</arg>
<doc>Waits until the element ``locator`` contains ``text``.</doc>
<status status="PASS" start="2024-10-27T15:43:59.686780" elapsed="0.021708"/>
</kw>
<status status="PASS" start="2024-10-27T15:43:59.686780" elapsed="0.022696"/>
</kw>
<status status="PASS" start="2024-10-27T15:43:59.353906" elapsed="0.355570"/>
</test>
<test id="s1-t4" name="Unsuccessful Login - No password" line="26">
<kw name="I navegate to the login page" owner="login_keywords">
<kw name="Go To" owner="SeleniumLibrary">
<msg time="2024-10-27T15:43:59.713479" level="INFO">Opening url 'https://www.saucedemo.com'</msg>
<arg>${URL_DATA["baseUrl"]}</arg>
<doc>Navigates the current browser window to the provided ``url``.</doc>
<status status="PASS" start="2024-10-27T15:43:59.712479" elapsed="0.049051"/>
</kw>
<status status="PASS" start="2024-10-27T15:43:59.712479" elapsed="0.049051"/>
</kw>
<kw name="I input only the username" owner="login_keywords">
<kw name="Wait Until Element Is Visible" owner="SeleniumLibrary">
<arg>id=user-name</arg>
<doc>Waits until the element ``locator`` is visible.</doc>
<status status="PASS" start="2024-10-27T15:43:59.761530" elapsed="0.031496"/>
</kw>
<kw name="Input Text" owner="SeleniumLibrary">
<msg time="2024-10-27T15:43:59.794026" level="INFO">Typing text 'standard_user' into text field 'id=user-name'.</msg>
<arg>id=user-name</arg>
<arg>${LOGIN_DATA["correctData"]["username"]}</arg>
<doc>Types the given ``text`` into the text field identified by ``locator``.</doc>
<status status="PASS" start="2024-10-27T15:43:59.793026" elapsed="0.110585"/>
</kw>
<status status="PASS" start="2024-10-27T15:43:59.761530" elapsed="0.142081"/>
</kw>
<kw name="I click no the login button" owner="login_keywords">
<kw name="Click Button" owner="SeleniumLibrary">
<msg time="2024-10-27T15:43:59.903611" level="INFO">Clicking button 'id=login-button'.</msg>
<arg>id=login-button</arg>
<doc>Clicks the button identified by ``locator``.</doc>
<status status="PASS" start="2024-10-27T15:43:59.903611" elapsed="0.053791"/>
</kw>
<status status="PASS" start="2024-10-27T15:43:59.903611" elapsed="0.053791"/>
</kw>
<kw name="I am able to see expected error message for no password" owner="login_keywords">
<kw name="Wait Until Element Contains" owner="SeleniumLibrary">
<arg>class=error-message-container</arg>
<arg>${ERROR_MESSAGE["noPassword"]}</arg>
<doc>Waits until the element ``locator`` contains ``text``.</doc>
<status status="PASS" start="2024-10-27T15:43:59.957402" elapsed="0.027543"/>
</kw>
<status status="PASS" start="2024-10-27T15:43:59.957402" elapsed="0.028527"/>
</kw>
<status status="PASS" start="2024-10-27T15:43:59.711477" elapsed="0.275453"/>
</test>
<test id="s1-t5" name="Unsuccessful Login - Wrong credentials" line="32">
<kw name="I navegate to the login page" owner="login_keywords">
<kw name="Go To" owner="SeleniumLibrary">
<msg time="2024-10-27T15:43:59.990928" level="INFO">Opening url 'https://www.saucedemo.com'</msg>
<arg>${URL_DATA["baseUrl"]}</arg>
<doc>Navigates the current browser window to the provided ``url``.</doc>
<status status="PASS" start="2024-10-27T15:43:59.989929" elapsed="0.095382"/>
</kw>
<status status="PASS" start="2024-10-27T15:43:59.989929" elapsed="0.095382"/>
</kw>
<kw name="I input wrong credentials" owner="login_keywords">
<kw name="Wait Until Element Is Visible" owner="SeleniumLibrary">
<arg>id=user-name</arg>
<doc>Waits until the element ``locator`` is visible.</doc>
<status status="PASS" start="2024-10-27T15:44:00.091540" elapsed="0.021116"/>
</kw>
<kw name="Input Text" owner="SeleniumLibrary">
<msg time="2024-10-27T15:44:00.113654" level="INFO">Typing text 'ssssss' into text field 'id=user-name'.</msg>
<arg>id=user-name</arg>
<arg>${LOGIN_DATA["wrongData"]["username"]}</arg>
<doc>Types the given ``text`` into the text field identified by ``locator``.</doc>
<status status="PASS" start="2024-10-27T15:44:00.112656" elapsed="0.092826"/>
</kw>
<kw name="Input Text" owner="SeleniumLibrary">
<msg time="2024-10-27T15:44:00.205482" level="INFO">Typing text 'ssssss' into text field 'id=password'.</msg>
<arg>id=password</arg>
<arg>${LOGIN_DATA["wrongData"]["password"]}</arg>
<doc>Types the given ``text`` into the text field identified by ``locator``.</doc>
<status status="PASS" start="2024-10-27T15:44:00.205482" elapsed="0.092084"/>
</kw>
<status status="PASS" start="2024-10-27T15:44:00.085311" elapsed="0.212255"/>
</kw>
<kw name="I click no the login button" owner="login_keywords">
<kw name="Click Button" owner="SeleniumLibrary">
<msg time="2024-10-27T15:44:00.297566" level="INFO">Clicking button 'id=login-button'.</msg>
<arg>id=login-button</arg>
<doc>Clicks the button identified by ``locator``.</doc>
<status status="PASS" start="2024-10-27T15:44:00.297566" elapsed="0.145418"/>
</kw>
<status status="PASS" start="2024-10-27T15:44:00.297566" elapsed="0.145418"/>
</kw>
<kw name="I am able to see expected error message for wrong credentials" owner="login_keywords">
<kw name="Wait Until Element Contains" owner="SeleniumLibrary">
<arg>class=error-message-container</arg>
<arg>${ERROR_MESSAGE["wrongCredentials"]}</arg>
<doc>Waits until the element ``locator`` contains ``text``.</doc>
<status status="PASS" start="2024-10-27T15:44:00.442984" elapsed="0.021259"/>
</kw>
<status status="PASS" start="2024-10-27T15:44:00.442984" elapsed="0.021259"/>
</kw>
<status status="PASS" start="2024-10-27T15:43:59.988930" elapsed="0.476300"/>
</test>
<status status="PASS" start="2024-10-27T15:43:52.069425" elapsed="8.397808"/>
</suite>
<statistics>
<total>
<stat pass="5" fail="0" skip="0">All Tests</stat>
</total>
<tag>
</tag>
<suite>
<stat pass="5" fail="0" skip="0" id="s1" name="Login Steps">Login Steps</stat>
</suite>
</statistics>
<errors>
</errors>
</robot>
