<?xml version="1.0" encoding="UTF-8"?>
<robot generator="Robot 7.1.1 (Python 3.12.6 on win32)" generated="2024-10-26T12:07:32.653238" rpa="false" schemaversion="5">
<suite id="s1" name="Login Steps" source="C:\Users\USER\Documents\Development\lume\aula\projeto-robot\.projeto-robot\login_steps.robot">
<test id="s1-t1" name="Successful Login" line="6">
<kw name="Open Browser" owner="SeleniumLibrary">
<msg time="2024-10-26T12:07:35.866354" level="INFO">Opening browser 'chrome' to base url 'https://www.saucedemo.com/'.</msg>
<arg>url=https://www.saucedemo.com/</arg>
<arg>browser=chrome</arg>
<doc>Opens a new browser instance to the optional ``url``.</doc>
<status status="PASS" start="2024-10-26T12:07:35.866354" elapsed="21.615219"/>
</kw>
<kw name="Wait Until Element Is Visible" owner="SeleniumLibrary">
<arg>id=user-name</arg>
<doc>Waits until the element ``locator`` is visible.</doc>
<status status="PASS" start="2024-10-26T12:07:57.482572" elapsed="2.439464"/>
</kw>
<kw name="Input Text" owner="SeleniumLibrary">
<msg time="2024-10-26T12:07:59.922036" level="INFO">Typing text 'standard_user' into text field 'id=user-name'.</msg>
<arg>id=user-name</arg>
<arg>standard_user</arg>
<doc>Types the given ``text`` into the text field identified by ``locator``.</doc>
<status status="PASS" start="2024-10-26T12:07:59.922036" elapsed="0.291435"/>
</kw>
<kw name="Input Text" owner="SeleniumLibrary">
<msg time="2024-10-26T12:08:00.236420" level="INFO">Typing text 'secret_sauce' into text field 'id=password'.</msg>
<arg>id=password</arg>
<arg>secret_sauce</arg>
<doc>Types the given ``text`` into the text field identified by ``locator``.</doc>
<status status="PASS" start="2024-10-26T12:08:00.235294" elapsed="0.228395"/>
</kw>
<kw name="Sleep" owner="BuiltIn">
<msg time="2024-10-26T12:08:04.467161" level="INFO">Slept 4 seconds.</msg>
<arg>4s</arg>
<doc>Pauses the test executed for the given time.</doc>
<status status="PASS" start="2024-10-26T12:08:00.463689" elapsed="4.003472"/>
</kw>
<kw name="Click Button" owner="SeleniumLibrary">
<msg time="2024-10-26T12:08:04.467161" level="INFO">Clicking button 'id=login-button'.</msg>
<arg>id=login-button</arg>
<doc>Clicks the button identified by ``locator``.</doc>
<status status="PASS" start="2024-10-26T12:08:04.467161" elapsed="0.547206"/>
</kw>
<status status="PASS" start="2024-10-26T12:07:35.866354" elapsed="29.148013"/>
</test>
<status status="PASS" start="2024-10-26T12:07:32.653238" elapsed="32.376756"/>
</suite>
<statistics>
<total>
<stat pass="1" fail="0" skip="0">All Tests</stat>
</total>
<tag>
</tag>
<suite>
<stat pass="1" fail="0" skip="0" id="s1" name="Login Steps">Login Steps</stat>
</suite>
</statistics>
<errors>
</errors>
</robot>
